[2024-06-16 03:58:22] local.ERROR: Maximum execution time of 30 seconds exceeded {"userId":232,"exception":"[object] (Symfony\\Component\\ErrorHandler\\Error\\FatalError(code: 0): Maximum execution time of 30 seconds exceeded at C:\\xampp\\htdocs\\aman\\vendor\\laravel\\framework\\src\\Illuminate\\Database\\Connection.php:705)
[stacktrace]
#0 {main}
"} 
[2024-06-16 03:58:24] local.ERROR: Maximum execution time of 30 seconds exceeded {"userId":232,"exception":"[object] (Symfony\\Component\\ErrorHandler\\Error\\FatalError(code: 0): Maximum execution time of 30 seconds exceeded at C:\\xampp\\htdocs\\aman\\vendor\\laravel\\framework\\src\\Illuminate\\Database\\Connection.php:705)
[stacktrace]
#0 {main}
"} 
[2024-06-16 03:58:24] local.ERROR: Maximum execution time of 30 seconds exceeded {"userId":232,"exception":"[object] (Symfony\\Component\\ErrorHandler\\Error\\FatalError(code: 0): Maximum execution time of 30 seconds exceeded at C:\\xampp\\htdocs\\aman\\vendor\\laravel\\framework\\src\\Illuminate\\Database\\Connection.php:705)
[stacktrace]
#0 {main}
"} 
[2024-06-16 03:58:24] local.ERROR: Maximum execution time of 30 seconds exceeded {"userId":232,"exception":"[object] (Symfony\\Component\\ErrorHandler\\Error\\FatalError(code: 0): Maximum execution time of 30 seconds exceeded at C:\\xampp\\htdocs\\aman\\vendor\\laravel\\framework\\src\\Illuminate\\Database\\Connection.php:705)
[stacktrace]
#0 {main}
"} 
[2024-06-16 03:58:24] local.ERROR: Maximum execution time of 30 seconds exceeded {"userId":232,"exception":"[object] (Symfony\\Component\\ErrorHandler\\Error\\FatalError(code: 0): Maximum execution time of 30 seconds exceeded at C:\\xampp\\htdocs\\aman\\vendor\\laravel\\framework\\src\\Illuminate\\Database\\Connection.php:705)
[stacktrace]
#0 {main}
"} 
[2024-06-16 03:58:24] local.ERROR: Maximum execution time of 30 seconds exceeded {"userId":232,"exception":"[object] (Symfony\\Component\\ErrorHandler\\Error\\FatalError(code: 0): Maximum execution time of 30 seconds exceeded at C:\\xampp\\htdocs\\aman\\vendor\\laravel\\framework\\src\\Illuminate\\Database\\Connection.php:705)
[stacktrace]
#0 {main}
"} 
[2024-06-16 03:58:27] local.ERROR: Maximum execution time of 30 seconds exceeded {"exception":"[object] (Symfony\\Component\\ErrorHandler\\Error\\FatalError(code: 0): Maximum execution time of 30 seconds exceeded at C:\\xampp\\htdocs\\aman\\vendor\\laravel\\framework\\src\\Illuminate\\Database\\Connectors\\MySqlConnector.php:78)
[stacktrace]
#0 {main}
"} 
[2024-06-16 03:58:27] local.ERROR: Maximum execution time of 30 seconds exceeded {"exception":"[object] (Symfony\\Component\\ErrorHandler\\Error\\FatalError(code: 0): Maximum execution time of 30 seconds exceeded at C:\\xampp\\htdocs\\aman\\vendor\\laravel\\framework\\src\\Illuminate\\Database\\Connectors\\Connector.php:70)
[stacktrace]
#0 {main}
"} 
[2024-06-16 03:58:27] local.ERROR: Maximum execution time of 30 seconds exceeded {"exception":"[object] (Symfony\\Component\\ErrorHandler\\Error\\FatalError(code: 0): Maximum execution time of 30 seconds exceeded at C:\\xampp\\htdocs\\aman\\vendor\\laravel\\framework\\src\\Illuminate\\Database\\Connectors\\Connector.php:70)
[stacktrace]
#0 {main}
"} 
[2024-06-16 04:05:01] local.ERROR: Maximum execution time of 30 seconds exceeded {"userId":232,"exception":"[object] (Symfony\\Component\\ErrorHandler\\Error\\FatalError(code: 0): Maximum execution time of 30 seconds exceeded at C:\\xampp\\htdocs\\aman\\vendor\\laravel\\framework\\src\\Illuminate\\Database\\Connection.php:368)
[stacktrace]
#0 {main}
"} 
[2024-06-16 04:05:02] local.ERROR: Maximum execution time of 30 seconds exceeded {"userId":232,"exception":"[object] (Symfony\\Component\\ErrorHandler\\Error\\FatalError(code: 0): Maximum execution time of 30 seconds exceeded at C:\\xampp\\htdocs\\aman\\vendor\\laravel\\framework\\src\\Illuminate\\Database\\Connection.php:368)
[stacktrace]
#0 {main}
"} 
[2024-06-16 04:05:02] local.ERROR: Maximum execution time of 30 seconds exceeded {"userId":232,"exception":"[object] (Symfony\\Component\\ErrorHandler\\Error\\FatalError(code: 0): Maximum execution time of 30 seconds exceeded at C:\\xampp\\htdocs\\aman\\vendor\\laravel\\framework\\src\\Illuminate\\Database\\Connection.php:368)
[stacktrace]
#0 {main}
"} 
[2024-06-16 04:05:02] local.ERROR: Maximum execution time of 30 seconds exceeded {"userId":232,"exception":"[object] (Symfony\\Component\\ErrorHandler\\Error\\FatalError(code: 0): Maximum execution time of 30 seconds exceeded at C:\\xampp\\htdocs\\aman\\vendor\\laravel\\framework\\src\\Illuminate\\Database\\Connection.php:368)
[stacktrace]
#0 {main}
"} 
[2024-06-16 04:05:02] local.ERROR: Maximum execution time of 30 seconds exceeded {"userId":232,"exception":"[object] (Symfony\\Component\\ErrorHandler\\Error\\FatalError(code: 0): Maximum execution time of 30 seconds exceeded at C:\\xampp\\htdocs\\aman\\vendor\\laravel\\framework\\src\\Illuminate\\Database\\Connection.php:368)
[stacktrace]
#0 {main}
"} 
[2024-06-16 04:05:02] local.ERROR: Maximum execution time of 30 seconds exceeded {"userId":232,"exception":"[object] (Symfony\\Component\\ErrorHandler\\Error\\FatalError(code: 0): Maximum execution time of 30 seconds exceeded at C:\\xampp\\htdocs\\aman\\vendor\\laravel\\framework\\src\\Illuminate\\Database\\Connection.php:368)
[stacktrace]
#0 {main}
"} 
[2024-06-16 04:05:02] local.ERROR: Maximum execution time of 30 seconds exceeded {"userId":232,"exception":"[object] (Symfony\\Component\\ErrorHandler\\Error\\FatalError(code: 0): Maximum execution time of 30 seconds exceeded at C:\\xampp\\htdocs\\aman\\vendor\\laravel\\framework\\src\\Illuminate\\Database\\Connection.php:368)
[stacktrace]
#0 {main}
"} 
[2024-06-16 04:05:02] local.ERROR: Maximum execution time of 30 seconds exceeded {"userId":232,"exception":"[object] (Symfony\\Component\\ErrorHandler\\Error\\FatalError(code: 0): Maximum execution time of 30 seconds exceeded at C:\\xampp\\htdocs\\aman\\vendor\\laravel\\framework\\src\\Illuminate\\Database\\Connection.php:368)
[stacktrace]
#0 {main}
"} 
